# JRE version: Java(TM) SE Runtime Environment (8.0_191-b12) (build 1.8.0_191-b12)
# Java VM: Java HotSpot(TM) 64-Bit Server VM (25.191-b12 mixed mode windows-amd64 compressed oops)
Heap:
 PSYoungGen      total 142848K, used 20189K [0x00000000d5580000, 0x00000000df800000, 0x0000000100000000)
  eden space 124416K, 16% used [0x00000000d5580000,0x00000000d6937798,0x00000000dcf00000)
  from space 18432K, 0% used [0x00000000de600000,0x00000000de600000,0x00000000df800000)
  to   space 20992K, 0% used [0x00000000dcf00000,0x00000000dcf00000,0x00000000de380000)
 ParOldGen       total 136704K, used 35624K [0x0000000080000000, 0x0000000088580000, 0x00000000d5580000)
  object space 136704K, 26% used [0x0000000080000000,0x00000000822ca3a0,0x0000000088580000)
 Metaspace       used 57146K, capacity 59364K, committed 59560K, reserved 1099776K
  class space    used 7785K, capacity 8286K, committed 8368K, reserved 1048576K
GC Heap History (10 events):
Event: 9.100 GC heap before
{Heap before GC invocations=11 (full 2):
 PSYoungGen      total 90112K, used 78848K [0x00000000d5580000, 0x00000000dbd00000, 0x0000000100000000)
  eden space 78848K, 100% used [0x00000000d5580000,0x00000000da280000,0x00000000da280000)
  from space 11264K, 0% used [0x00000000dae80000,0x00000000dae80000,0x00000000db980000)
  to   space 12288K, 0% used [0x00000000da280000,0x00000000da280000,0x00000000dae80000)
 ParOldGen       total 92160K, used 16309K [0x0000000080000000, 0x0000000085a00000, 0x00000000d5580000)
  object space 92160K, 17% used [0x0000000080000000,0x0000000080fed568,0x0000000085a00000)
 Metaspace       used 38777K, capacity 39602K, committed 39976K, reserved 1083392K
  class space    used 5342K, capacity 5581K, committed 5680K, reserved 1048576K
Event: 9.111 GC heap after
Heap after GC invocations=11 (full 2):
 PSYoungGen      total 91136K, used 8303K [0x00000000d5580000, 0x00000000dd100000, 0x0000000100000000)
  eden space 78848K, 0% used [0x00000000d5580000,0x00000000d5580000,0x00000000da280000)
  from space 12288K, 67% used [0x00000000da280000,0x00000000daa9bc60,0x00000000dae80000)
  to   space 12288K, 0% used [0x00000000dc500000,0x00000000dc500000,0x00000000dd100000)
 ParOldGen       total 92160K, used 16317K [0x0000000080000000, 0x0000000085a00000, 0x00000000d5580000)
  object space 92160K, 17% used [0x0000000080000000,0x0000000080fef568,0x0000000085a00000)
 Metaspace       used 38777K, capacity 39602K, committed 39976K, reserved 1083392K
  class space    used 5342K, capacity 5581K, committed 5680K, reserved 1048576K
}
Event: 10.541 GC heap before
{Heap before GC invocations=12 (full 2):
 PSYoungGen      total 91136K, used 87151K [0x00000000d5580000, 0x00000000dd100000, 0x0000000100000000)
  eden space 78848K, 100% used [0x00000000d5580000,0x00000000da280000,0x00000000da280000)
  from space 12288K, 67% used [0x00000000da280000,0x00000000daa9bc60,0x00000000dae80000)
  to   space 12288K, 0% used [0x00000000dc500000,0x00000000dc500000,0x00000000dd100000)
 ParOldGen       total 92160K, used 16317K [0x0000000080000000, 0x0000000085a00000, 0x00000000d5580000)
  object space 92160K, 17% used [0x0000000080000000,0x0000000080fef568,0x0000000085a00000)
 Metaspace       used 46891K, capacity 48132K, committed 48424K, reserved 1091584K
  class space    used 6484K, capacity 6833K, committed 6960K, reserved 1048576K
Event: 10.555 GC heap after
Heap after GC invocations=12 (full 2):
 PSYoungGen      total 111616K, used 12273K [0x00000000d5580000, 0x00000000dd580000, 0x0000000100000000)
  eden space 99328K, 0% used [0x00000000d5580000,0x00000000d5580000,0x00000000db680000)
  from space 12288K, 99% used [0x00000000dc500000,0x00000000dd0fc698,0x00000000dd100000)
  to   space 14848K, 0% used [0x00000000db680000,0x00000000db680000,0x00000000dc500000)
 ParOldGen       total 92160K, used 19009K [0x0000000080000000, 0x0000000085a00000, 0x00000000d5580000)
  object space 92160K, 20% used [0x0000000080000000,0x0000000081290670,0x0000000085a00000)
 Metaspace       used 46891K, capacity 48132K, committed 48424K, reserved 1091584K
  class space    used 6484K, capacity 6833K, committed 6960K, reserved 1048576K
}
Event: 12.114 GC heap before
{Heap before GC invocations=13 (full 2):
 PSYoungGen      total 111616K, used 111601K [0x00000000d5580000, 0x00000000dd580000, 0x0000000100000000)
  eden space 99328K, 100% used [0x00000000d5580000,0x00000000db680000,0x00000000db680000)
  from space 12288K, 99% used [0x00000000dc500000,0x00000000dd0fc698,0x00000000dd100000)
  to   space 14848K, 0% used [0x00000000db680000,0x00000000db680000,0x00000000dc500000)
 ParOldGen       total 92160K, used 19009K [0x0000000080000000, 0x0000000085a00000, 0x00000000d5580000)
  object space 92160K, 20% used [0x0000000080000000,0x0000000081290670,0x0000000085a00000)
 Metaspace       used 51884K, capacity 53720K, committed 53800K, reserved 1095680K
  class space    used 7237K, capacity 7722K, committed 7728K, reserved 1048576K
Event: 12.136 GC heap after
Heap after GC invocations=13 (full 2):
 PSYoungGen      total 114176K, used 14839K [0x00000000d5580000, 0x00000000df900000, 0x0000000100000000)
  eden space 99328K, 0% used [0x00000000d5580000,0x00000000d5580000,0x00000000db680000)
  from space 14848K, 99% used [0x00000000db680000,0x00000000dc4fde48,0x00000000dc500000)
  to   space 19456K, 0% used [0x00000000de600000,0x00000000de600000,0x00000000df900000)
 ParOldGen       total 92160K, used 26291K [0x0000000080000000, 0x0000000085a00000, 0x00000000d5580000)
  object space 92160K, 28% used [0x0000000080000000,0x00000000819acc30,0x0000000085a00000)
 Metaspace       used 51884K, capacity 53720K, committed 53800K, reserved 1095680K
  class space    used 7237K, capacity 7722K, committed 7728K, reserved 1048576K
}
Event: 235.307 GC heap before
{Heap before GC invocations=14 (full 2):
 PSYoungGen      total 114176K, used 86036K [0x00000000d5580000, 0x00000000df900000, 0x0000000100000000)
  eden space 99328K, 71% used [0x00000000d5580000,0x00000000d9b07518,0x00000000db680000)
  from space 14848K, 99% used [0x00000000db680000,0x00000000dc4fde48,0x00000000dc500000)
  to   space 19456K, 0% used [0x00000000de600000,0x00000000de600000,0x00000000df900000)
 ParOldGen       total 92160K, used 26291K [0x0000000080000000, 0x0000000085a00000, 0x00000000d5580000)
  object space 92160K, 28% used [0x0000000080000000,0x00000000819acc30,0x0000000085a00000)
 Metaspace       used 56874K, capacity 59022K, committed 59160K, reserved 1099776K
  class space    used 7777K, capacity 8273K, committed 8368K, reserved 1048576K
Event: 235.351 GC heap after
Heap after GC invocations=14 (full 2):
 PSYoungGen      total 142848K, used 15720K [0x00000000d5580000, 0x00000000df800000, 0x0000000100000000)
  eden space 124416K, 0% used [0x00000000d5580000,0x00000000d5580000,0x00000000dcf00000)
  from space 18432K, 85% used [0x00000000de600000,0x00000000df55a2c8,0x00000000df800000)
  to   space 20992K, 0% used [0x00000000dcf00000,0x00000000dcf00000,0x00000000de380000)
 ParOldGen       total 92160K, used 34777K [0x0000000080000000, 0x0000000085a00000, 0x00000000d5580000)
  object space 92160K, 37% used [0x0000000080000000,0x00000000821f6428,0x0000000085a00000)
 Metaspace       used 56874K, capacity 59022K, committed 59160K, reserved 1099776K
  class space    used 7777K, capacity 8273K, committed 8368K, reserved 1048576K
}
Event: 235.351 GC heap before
{Heap before GC invocations=15 (full 3):
 PSYoungGen      total 142848K, used 15720K [0x00000000d5580000, 0x00000000df800000, 0x0000000100000000)
  eden space 124416K, 0% used [0x00000000d5580000,0x00000000d5580000,0x00000000dcf00000)
  from space 18432K, 85% used [0x00000000de600000,0x00000000df55a2c8,0x00000000df800000)
  to   space 20992K, 0% used [0x00000000dcf00000,0x00000000dcf00000,0x00000000de380000)
 ParOldGen       total 92160K, used 34777K [0x0000000080000000, 0x0000000085a00000, 0x00000000d5580000)
  object space 92160K, 37% used [0x0000000080000000,0x00000000821f6428,0x0000000085a00000)
 Metaspace       used 56874K, capacity 59022K, committed 59160K, reserved 1099776K
  class space    used 7777K, capacity 8273K, committed 8368K, reserved 1048576K
Event: 235.597 GC heap after
Heap after GC invocations=15 (full 3):
 PSYoungGen      total 142848K, used 0K [0x00000000d5580000, 0x00000000df800000, 0x0000000100000000)
  eden space 124416K, 0% used [0x00000000d5580000,0x00000000d5580000,0x00000000dcf00000)
  from space 18432K, 0% used [0x00000000de600000,0x00000000de600000,0x00000000df800000)
  to   space 20992K, 0% used [0x00000000dcf00000,0x00000000dcf00000,0x00000000de380000)
 ParOldGen       total 136704K, used 35624K [0x0000000080000000, 0x0000000088580000, 0x00000000d5580000)
  object space 136704K, 26% used [0x0000000080000000,0x00000000822ca3a0,0x0000000088580000)
 Metaspace       used 56874K, capacity 59022K, committed 59160K, reserved 1099776K
  class space    used 7777K, capacity 8273K, committed 8368K, reserved 1048576K
}

